0 info it worked if it ends with ok
1 verbose cli [ 'D:\\Program Files\\nodejs\\node.exe',
1 verbose cli   'D:\\Program Files\\nodejs\\node_modules\\npm\\bin\\npm-cli.js',
1 verbose cli   'run',
1 verbose cli   'build' ]
2 info using npm@3.10.10
3 info using node@v6.12.3
4 verbose run-script [ 'prebuild', 'build', 'postbuild' ]
5 info lifecycle my-project@1.0.0~prebuild: my-project@1.0.0
6 silly lifecycle my-project@1.0.0~prebuild: no script for prebuild, continuing
7 info lifecycle my-project@1.0.0~build: my-project@1.0.0
8 verbose lifecycle my-project@1.0.0~build: unsafe-perm in lifecycle true
9 verbose lifecycle my-project@1.0.0~build: PATH: D:\Program Files\nodejs\node_modules\npm\bin\node-gyp-bin;E:\git\resume\node_modules\.bin;E:\git\local;C:\Users\Administrator\bin;D:\Program Files\Git\mingw64\bin;D:\Program Files\Git\usr\local\bin;D:\Program Files\Git\usr\bin;D:\Program Files\Git\usr\bin;D:\Program Files\Git\mingw64\bin;D:\Program Files\Git\usr\bin;C:\Users\Administrator\bin;D:\Program Files\Apache Software Foundation\apache-maven-3.0.5\bin;D:\Program Files\Java\jdk1.8.0_144\jdk1.8.0_144\bin;D:\Program Files\Java\jdk1.8.0_144\jdk1.8.0_144\jre\bin;C:\ProgramData\Oracle\Java\javapath;.;D:\Program Files\Java\jdk1.8.0_144\jdk1.8.0_144\bin;D:\Program Files\Java\jdk1.8.0_144\jdk1.8.0_144\jre\bin";C:\WINDOWS\system32;C:\WINDOWS;C:\WINDOWS\System32\Wbem;C:\WINDOWS\System32\WindowsPowerShell\v1.0;C:\WINDOWS\System32\OpenSSH;D:\vscode\Microsoft VS Code\bin;C:\Users\Administrator\AppData\Local\Programs\Python\Python37-32;C:\Users\Administrator\AppData\Local\Programs\Python\Python37-32\Scripts;E:\MySQL\MySQL Server 5.1\bin;D:\Program Files\nodejs;D:\Program Files\nodejs\node_global;E:\Omarket\doc\omarket-fe\node_modules;D:\Program Files\Yarn\bin;D:\rose2007\common;C:\Python\Python37-32\Scripts;C:\Python\Python37-32;D:\Ruby24-x64\bin;C:\Users\Administrator\AppData\Local\Microsoft\WindowsApps;C:\Users\Administrator\AppData\Local\GitHubDesktop\bin;D:\vscode\Microsoft VS Code\bin;.;C:\Python27";D:\Program Files\Fiddler;C:\Users\Administrator\AppData\Local\Yarn\bin;D:\Program Files\Git\usr\bin\vendor_perl;D:\Program Files\Git\usr\bin\core_perl
10 verbose lifecycle my-project@1.0.0~build: CWD: E:\git\resume
11 silly lifecycle my-project@1.0.0~build: Args: [ '/d /s /c', 'babel src -d lib' ]
12 silly lifecycle my-project@1.0.0~build: Returned: code: 1  signal: null
13 info lifecycle my-project@1.0.0~build: Failed to exec build script
14 verbose stack Error: my-project@1.0.0 build: `babel src -d lib`
14 verbose stack Exit status 1
14 verbose stack     at EventEmitter.<anonymous> (D:\Program Files\nodejs\node_modules\npm\lib\utils\lifecycle.js:255:16)
14 verbose stack     at emitTwo (events.js:106:13)
14 verbose stack     at EventEmitter.emit (events.js:191:7)
14 verbose stack     at ChildProcess.<anonymous> (D:\Program Files\nodejs\node_modules\npm\lib\utils\spawn.js:40:14)
14 verbose stack     at emitTwo (events.js:106:13)
14 verbose stack     at ChildProcess.emit (events.js:191:7)
14 verbose stack     at maybeClose (internal/child_process.js:920:16)
14 verbose stack     at Process.ChildProcess._handle.onexit (internal/child_process.js:230:5)
15 verbose pkgid my-project@1.0.0
16 verbose cwd E:\git\resume
17 error Windows_NT 10.0.17134
18 error argv "D:\\Program Files\\nodejs\\node.exe" "D:\\Program Files\\nodejs\\node_modules\\npm\\bin\\npm-cli.js" "run" "build"
19 error node v6.12.3
20 error npm  v3.10.10
21 error code ELIFECYCLE
22 error my-project@1.0.0 build: `babel src -d lib`
22 error Exit status 1
23 error Failed at the my-project@1.0.0 build script 'babel src -d lib'.
23 error Make sure you have the latest version of node.js and npm installed.
23 error If you do, this is most likely a problem with the my-project package,
23 error not with npm itself.
23 error Tell the author that this fails on your system:
23 error     babel src -d lib
23 error You can get information on how to open an issue for this project with:
23 error     npm bugs my-project
23 error Or if that isn't available, you can get their info via:
23 error     npm owner ls my-project
23 error There is likely additional logging output above.
24 verbose exit [ 1, true ]
